<?xml version="1.0" encoding="UTF-8"?>
<robot generator="Robot 7.2 (Python 3.13.1 on win32)" generated="2025-02-05T12:34:01.474798" rpa="false" schemaversion="5">
<suite id="s1" name="Practice" source="C:\Noesis_Academy\Robot_Framework\practice.robot">
<test id="s1-t1" name="Alerts e Popups" line="87">
<kw name="Open Browser" owner="SeleniumLibrary">
<msg time="2025-02-05T12:34:01.945433" level="INFO">Opening browser 'chrome' to base url 'https://testautomationpractice.blogspot.com/'.</msg>
<arg>https://testautomationpractice.blogspot.com/</arg>
<arg>chrome</arg>
<doc>Opens a new browser instance to the optional ``url``.</doc>
<status status="PASS" start="2025-02-05T12:34:01.945138" elapsed="5.682444"/>
</kw>
<kw name="Maximize Browser Window" owner="SeleniumLibrary">
<doc>Maximizes current browser window.</doc>
<status status="PASS" start="2025-02-05T12:34:07.628791" elapsed="0.245957"/>
</kw>
<kw name="Click Button" owner="SeleniumLibrary">
<msg time="2025-02-05T12:34:07.894069" level="INFO">Clicking button '//button[@id="alertBtn"]'.</msg>
<arg>//button[@id="alertBtn"]</arg>
<doc>Clicks the button identified by ``locator``.</doc>
<status status="PASS" start="2025-02-05T12:34:07.893208" elapsed="0.563172"/>
</kw>
<kw name="Sleep" owner="BuiltIn">
<msg time="2025-02-05T12:34:13.457626" level="INFO">Slept 5 seconds.</msg>
<arg>5</arg>
<doc>Pauses the test executed for the given time.</doc>
<status status="PASS" start="2025-02-05T12:34:08.456921" elapsed="5.000870"/>
</kw>
<tag>alertas</tag>
<status status="PASS" start="2025-02-05T12:34:01.943790" elapsed="11.514483"/>
</test>
<status status="PASS" start="2025-02-05T12:34:01.478412" elapsed="11.981585"/>
</suite>
<statistics>
<total>
<stat pass="1" fail="0" skip="0">All Tests</stat>
</total>
<tag>
<stat pass="1" fail="0" skip="0">alertas</stat>
</tag>
<suite>
<stat name="Practice" id="s1" pass="1" fail="0" skip="0">Practice</stat>
</suite>
</statistics>
<errors>
</errors>
</robot>
