<?xml version="1.0" encoding="UTF-8"?>
<robot generator="Robot 7.2 (Python 3.13.1 on win32)" generated="2025-01-24T09:39:43.895291" rpa="false" schemaversion="5">
<suite id="s1" name="Start" source="C:\Noesis_Academy\start.robot">
<test id="s1-t1" name="Login com user e password correta" line="25">
<kw name="Aceder à aplicação">
<kw name="Open Browser" owner="SeleniumLibrary">
<msg time="2025-01-24T09:39:44.500084" level="INFO">Opening browser 'chrome' to base url 'https://opensource-demo.orangehrmlive.com/web/index.php/auth/login'.</msg>
<arg>https://opensource-demo.orangehrmlive.com/web/index.php/auth/login</arg>
<arg>chrome</arg>
<doc>Opens a new browser instance to the optional ``url``.</doc>
<status status="PASS" start="2025-01-24T09:39:44.499821" elapsed="7.488414"/>
</kw>
<kw name="Maximize Browser Window" owner="SeleniumLibrary">
<doc>Maximizes current browser window.</doc>
<status status="PASS" start="2025-01-24T09:39:51.988726" elapsed="0.056445"/>
</kw>
<kw name="Wait Until Element Is Enabled" owner="SeleniumLibrary">
<arg>xpath://input[@name="username"]</arg>
<arg>20</arg>
<doc>Waits until the element ``locator`` is enabled.</doc>
<status status="PASS" start="2025-01-24T09:39:52.045644" elapsed="0.378144"/>
</kw>
<kw name="Input Text" owner="SeleniumLibrary">
<msg time="2025-01-24T09:39:52.424569" level="INFO">Typing text 'Admin' into text field 'xpath://input[@name="username"]'.</msg>
<arg>xpath://input[@name="username"]</arg>
<arg>${login}</arg>
<doc>Types the given ``text`` into the text field identified by ``locator``.</doc>
<status status="PASS" start="2025-01-24T09:39:52.424114" elapsed="0.148185"/>
</kw>
<kw name="Input Text" owner="SeleniumLibrary">
<msg time="2025-01-24T09:39:52.573283" level="INFO">Typing text 'admin123' into text field 'xpath://input[@name="password"]'.</msg>
<arg>xpath://input[@name="password"]</arg>
<arg>${password}</arg>
<doc>Types the given ``text`` into the text field identified by ``locator``.</doc>
<status status="PASS" start="2025-01-24T09:39:52.572727" elapsed="0.226734"/>
</kw>
<kw name="Click Button" owner="SeleniumLibrary">
<msg time="2025-01-24T09:39:52.802219" level="INFO">Clicking button 'xpath://button[text()=" Login "]'.</msg>
<arg>xpath://button[text()=" Login "]</arg>
<doc>Clicks the button identified by ``locator``.</doc>
<status status="PASS" start="2025-01-24T09:39:52.799955" elapsed="1.293680"/>
</kw>
<kw name="Sleep" owner="BuiltIn">
<msg time="2025-01-24T09:39:59.094575" level="INFO">Slept 5 seconds.</msg>
<arg>5</arg>
<doc>Pauses the test executed for the given time.</doc>
<status status="PASS" start="2025-01-24T09:39:54.093963" elapsed="5.000967"/>
</kw>
<kw name="Page Should Contain Image" owner="SeleniumLibrary">
<msg time="2025-01-24T09:39:59.146556" level="INFO">Current page contains image '//img[@src="/web/images/orange.png?v=1721393199309"]'.</msg>
<arg>//img[@src="/web/images/orange.png?v=1721393199309"]</arg>
<doc>Verifies image identified by ``locator`` is found from current page.</doc>
<status status="PASS" start="2025-01-24T09:39:59.095484" elapsed="0.051268"/>
</kw>
<kw name="Capture Page Screenshot" owner="SeleniumLibrary">
<msg time="2025-01-24T09:39:59.344917" level="INFO" html="true">&lt;/td&gt;&lt;/tr&gt;&lt;tr&gt;&lt;td colspan="3"&gt;&lt;a href="selenium-screenshot-1.png"&gt;&lt;img src="selenium-screenshot-1.png" width="800px"&gt;&lt;/a&gt;</msg>
<doc>Takes a screenshot of the current page and embeds it into a log file.</doc>
<status status="PASS" start="2025-01-24T09:39:59.147079" elapsed="0.198117"/>
</kw>
<status status="PASS" start="2025-01-24T09:39:44.498825" elapsed="14.846632"/>
</kw>
<kw name="Click Link" owner="SeleniumLibrary">
<msg time="2025-01-24T09:39:59.347252" level="INFO">Clicking link '//a[@href="/web/index.php/admin/viewAdminModule"]'.</msg>
<arg>//a[@href="/web/index.php/admin/viewAdminModule"]</arg>
<doc>Clicks a link identified by ``locator``.</doc>
<status status="PASS" start="2025-01-24T09:39:59.346916" elapsed="0.831140"/>
</kw>
<kw name="Sleep" owner="BuiltIn">
<msg time="2025-01-24T09:40:03.180483" level="INFO">Slept 3 seconds.</msg>
<arg>3</arg>
<doc>Pauses the test executed for the given time.</doc>
<status status="PASS" start="2025-01-24T09:40:00.179434" elapsed="3.001268"/>
</kw>
<kw name="Element Should Be Visible" owner="SeleniumLibrary">
<msg time="2025-01-24T09:40:03.247605" level="INFO">Element '//h6[text()="User Management"]' is displayed.</msg>
<arg>//h6[text()="User Management"]</arg>
<doc>Verifies that the element identified by ``locator`` is visible.</doc>
<status status="PASS" start="2025-01-24T09:40:03.186314" elapsed="0.061479"/>
</kw>
<tag>Login</tag>
<status status="PASS" start="2025-01-24T09:39:44.497818" elapsed="18.750965"/>
</test>
<test id="s1-t2" name="Analisar Variaveis" line="33">
<kw name="Log To Console" owner="BuiltIn">
<arg>${simples}</arg>
<doc>Logs the given message to the console.</doc>
<status status="PASS" start="2025-01-24T09:40:03.250746" elapsed="0.000732"/>
</kw>
<kw name="Log To Console" owner="BuiltIn">
<arg>${Dias_da_semana[6]}</arg>
<doc>Logs the given message to the console.</doc>
<status status="PASS" start="2025-01-24T09:40:03.251959" elapsed="0.001482"/>
</kw>
<kw name="Log To Console" owner="BuiltIn">
<arg>${Cadastro.mae}</arg>
<doc>Logs the given message to the console.</doc>
<status status="PASS" start="2025-01-24T09:40:03.253965" elapsed="0.001533"/>
</kw>
<tag>var</tag>
<status status="PASS" start="2025-01-24T09:40:03.249843" elapsed="0.007179"/>
</test>
<status status="PASS" start="2025-01-24T09:39:43.907725" elapsed="19.351702"/>
</suite>
<statistics>
<total>
<stat pass="2" fail="0" skip="0">All Tests</stat>
</total>
<tag>
<stat pass="1" fail="0" skip="0">Login</stat>
<stat pass="1" fail="0" skip="0">var</stat>
</tag>
<suite>
<stat name="Start" id="s1" pass="2" fail="0" skip="0">Start</stat>
</suite>
</statistics>
<errors>
</errors>
</robot>
