<?xml version="1.0" encoding="UTF-8"?>
<robot generator="Robot 7.2 (Python 3.13.1 on win32)" generated="2025-01-21T19:58:33.826952" rpa="false" schemaversion="5">
<suite id="s1" name="Start" source="C:\Noesis_Academy\Robot_Framework\start.robot">
<test id="s1-t1" name="Aceder a um site" line="5">
<kw name="Open Browser" owner="SeleniumLibrary">
<msg time="2025-01-21T19:58:34.656231" level="INFO">Opening browser 'Chrome' to base url 'https://opensource-demo.orangehrmlive.com/web/index.php/auth/login'.</msg>
<arg>https://opensource-demo.orangehrmlive.com/web/index.php/auth/login</arg>
<arg>Chrome</arg>
<doc>Opens a new browser instance to the optional ``url``.</doc>
<status status="PASS" start="2025-01-21T19:58:34.655784" elapsed="6.412856"/>
</kw>
<kw name="Sleep" owner="BuiltIn">
<msg time="2025-01-21T19:58:46.091145" level="INFO">Slept 5 seconds.</msg>
<arg>5</arg>
<doc>Pauses the test executed for the given time.</doc>
<status status="PASS" start="2025-01-21T19:58:41.090249" elapsed="5.001205"/>
</kw>
<kw name="Input Text" owner="SeleniumLibrary">
<msg time="2025-01-21T19:58:46.093952" level="INFO">Typing text 'Admin' into text field '//input[@name="username"]'.</msg>
<arg>//input[@name="username"]</arg>
<arg>Admin</arg>
<doc>Types the given ``text`` into the text field identified by ``locator``.</doc>
<status status="PASS" start="2025-01-21T19:58:46.092585" elapsed="0.168270"/>
</kw>
<kw name="Input Text" owner="SeleniumLibrary">
<msg time="2025-01-21T19:58:46.261955" level="INFO">Typing text 'admin123' into text field '//input[@name="password"]'.</msg>
<arg>//input[@name="password"]</arg>
<arg>admin123</arg>
<doc>Types the given ``text`` into the text field identified by ``locator``.</doc>
<status status="PASS" start="2025-01-21T19:58:46.261453" elapsed="0.146243"/>
</kw>
<kw name="Click Button" owner="SeleniumLibrary">
<msg time="2025-01-21T19:58:46.408672" level="INFO">Clicking button '//button[@class="oxd-button oxd-button--medium oxd-button--main orangehrm-login-button"]'.</msg>
<arg>//button[@class="oxd-button oxd-button--medium oxd-button--main orangehrm-login-button"]</arg>
<doc>Clicks the button identified by ``locator``.</doc>
<status status="PASS" start="2025-01-21T19:58:46.408357" elapsed="0.143114"/>
</kw>
<kw name="Sleep" owner="BuiltIn">
<msg time="2025-01-21T19:58:56.554688" level="INFO">Slept 10 seconds.</msg>
<arg>10</arg>
<doc>Pauses the test executed for the given time.</doc>
<status status="PASS" start="2025-01-21T19:58:46.552179" elapsed="10.002799"/>
</kw>
<kw name="Close Browser" owner="SeleniumLibrary">
<doc>Closes the current browser.</doc>
<status status="PASS" start="2025-01-21T19:58:56.556245" elapsed="4.005020"/>
</kw>
<status status="PASS" start="2025-01-21T19:58:34.654397" elapsed="25.908023"/>
</test>
<status status="PASS" start="2025-01-21T19:58:33.844562" elapsed="26.721510"/>
</suite>
<statistics>
<total>
<stat pass="1" fail="0" skip="0">All Tests</stat>
</total>
<tag>
</tag>
<suite>
<stat name="Start" id="s1" pass="1" fail="0" skip="0">Start</stat>
</suite>
</statistics>
<errors>
</errors>
</robot>
